<?xml version="1.0" encoding="UTF-8"?>
<!-- Generated by org.testng.reporters.JUnitReportReporter -->
<testsuite hostname="ADITYA_KITTU" failures="0" tests="2" name="cucmberOptions.TestNGRunner" time="0.096" errors="0" timestamp="2025-06-09T22:10:13 IST" skipped="0">
  <testcase classname="cucmberOptions.TestNGRunner" name="runScenario" time="0.002"/>
  <testcase classname="cucmberOptions.TestNGRunner" name="runScenario" time="0.094"/>
</testsuite> <!-- cucmberOptions.TestNGRunner -->
