<?xml version="1.0" encoding="UTF-8"?>
<!-- Generated by org.testng.reporters.JUnitReportReporter -->
<testsuite hostname="ADITYA_KITTU" failures="0" tests="2" name="cucmberOptions.TestNGRunner" time="0.151" errors="0" timestamp="2025-04-19T19:54:25 IST" skipped="0">
  <testcase classname="cucmberOptions.TestNGRunner" name="runScenario" time="0.138"/>
  <testcase classname="cucmberOptions.TestNGRunner" name="runScenario" time="0.013"/>
</testsuite> <!-- cucmberOptions.TestNGRunner -->
